2026-03-04 18:33:11,399 - RiceDiseaseDetect - INFO - Using device: cuda
2026-03-04 18:33:11,400 - RiceDiseaseDetect - INFO - Config: {'random_seed': 42, 'model': {'backbone': 'efficientnet_b3', 'num_classes': 2, 'pretrained': True, 'output_stride': 16, 'use_cbam': True}, 'loss': {'use_ohem': False, 'use_focal': True, 'focal_alpha': 0.25, 'focal_gamma': 2.0, 'label_smoothing': 0.1, 'ignore_index': 255, 'ohem_thresh': 0.7, 'ohem_min_kept': 100000}, 'train': {'batch_size': 16, 'epochs': 100, 'lr': 0.001, 'weight_decay': 0.0001, 'img_size': 512}, 'data': {'root_dir': '/root/autodl-fs/rice_disease_detect/data', 'train_list': 'train.txt', 'val_list': 'val.txt', 'val_split': 0.2}}
2026-03-04 18:33:11,622 - RiceDiseaseDetect - INFO - Train samples: 285, Val samples: 72
2026-03-04 18:33:28,198 - RiceDiseaseDetect - INFO - Using device: cuda
2026-03-04 18:33:28,198 - RiceDiseaseDetect - INFO - Config: {'random_seed': 42, 'model': {'backbone': 'efficientnet_b3', 'num_classes': 2, 'pretrained': True, 'output_stride': 16, 'use_cbam': True}, 'loss': {'use_ohem': False, 'use_focal': True, 'focal_alpha': 0.25, 'focal_gamma': 2.0, 'label_smoothing': 0.1, 'ignore_index': 255, 'ohem_thresh': 0.7, 'ohem_min_kept': 100000}, 'train': {'batch_size': 16, 'epochs': 100, 'lr': 0.001, 'weight_decay': 0.0001, 'img_size': 512}, 'data': {'root_dir': '/root/autodl-fs/rice_disease_detect/data', 'train_list': 'train.txt', 'val_list': 'val.txt', 'val_split': 0.2}}
2026-03-04 18:33:28,420 - RiceDiseaseDetect - INFO - Train samples: 285, Val samples: 72
2026-03-04 18:35:44,565 - RiceDiseaseDetect - INFO - Using device: cuda
2026-03-04 18:35:44,565 - RiceDiseaseDetect - INFO - Config: {'random_seed': 42, 'model': {'backbone': 'efficientnet_b3', 'num_classes': 2, 'pretrained': True, 'output_stride': 16, 'use_cbam': True}, 'loss': {'use_ohem': False, 'use_focal': True, 'focal_alpha': 0.25, 'focal_gamma': 2.0, 'label_smoothing': 0.1, 'ignore_index': 255, 'ohem_thresh': 0.7, 'ohem_min_kept': 100000}, 'train': {'batch_size': 16, 'epochs': 100, 'lr': 0.001, 'weight_decay': 0.0001, 'img_size': 512}, 'data': {'root_dir': '/root/autodl-fs/rice_disease_detect/data', 'train_list': 'train.txt', 'val_list': 'val.txt', 'val_split': 0.2}}
2026-03-04 18:35:44,790 - RiceDiseaseDetect - INFO - Train samples: 285, Val samples: 72
2026-03-04 18:36:05,633 - RiceDiseaseDetect - INFO - Using device: cuda
2026-03-04 18:36:05,633 - RiceDiseaseDetect - INFO - Config: {'random_seed': 42, 'model': {'backbone': 'efficientnet_b3', 'num_classes': 2, 'pretrained': True, 'output_stride': 16, 'use_cbam': True}, 'loss': {'use_ohem': False, 'use_focal': True, 'focal_alpha': 0.25, 'focal_gamma': 2.0, 'label_smoothing': 0.1, 'ignore_index': 255, 'ohem_thresh': 0.7, 'ohem_min_kept': 100000}, 'train': {'batch_size': 16, 'epochs': 100, 'lr': 0.001, 'weight_decay': 0.0001, 'img_size': 512}, 'data': {'root_dir': '/root/autodl-fs/rice_disease_detect/data', 'train_list': 'train.txt', 'val_list': 'val.txt', 'val_split': 0.2}}
2026-03-04 18:36:05,875 - RiceDiseaseDetect - INFO - Train samples: 285, Val samples: 72
2026-03-04 18:36:53,499 - RiceDiseaseDetect - INFO - Using device: cuda
2026-03-04 18:36:53,499 - RiceDiseaseDetect - INFO - Config: {'random_seed': 42, 'model': {'backbone': 'efficientnet_b3', 'num_classes': 2, 'pretrained': True, 'output_stride': 16, 'use_cbam': True}, 'loss': {'use_ohem': False, 'use_focal': True, 'focal_alpha': 0.25, 'focal_gamma': 2.0, 'label_smoothing': 0.1, 'ignore_index': 255, 'ohem_thresh': 0.7, 'ohem_min_kept': 100000}, 'train': {'batch_size': 16, 'epochs': 100, 'lr': 0.001, 'weight_decay': 0.0001, 'img_size': 512}, 'data': {'root_dir': '/root/autodl-fs/rice_disease_detect/data', 'train_list': 'train.txt', 'val_list': 'val.txt', 'val_split': 0.2}}
2026-03-04 18:36:53,728 - RiceDiseaseDetect - INFO - Train samples: 285, Val samples: 72
2026-03-04 18:41:41,336 - RiceDiseaseDetect - INFO - Using device: cuda
2026-03-04 18:41:41,336 - RiceDiseaseDetect - INFO - Config: {'random_seed': 42, 'model': {'backbone': 'efficientnet_b3', 'num_classes': 2, 'pretrained': True, 'output_stride': 16, 'use_cbam': True}, 'loss': {'use_ohem': False, 'use_focal': True, 'focal_alpha': 0.25, 'focal_gamma': 2.0, 'label_smoothing': 0.1, 'ignore_index': 255, 'ohem_thresh': 0.7, 'ohem_min_kept': 100000}, 'train': {'batch_size': 16, 'epochs': 100, 'lr': 0.001, 'weight_decay': 0.0001, 'img_size': 512}, 'data': {'root_dir': '/root/autodl-fs/rice_disease_detect/data', 'train_list': 'train.txt', 'val_list': 'val.txt', 'val_split': 0.2}}
2026-03-04 18:41:41,609 - RiceDiseaseDetect - INFO - Train samples: 285, Val samples: 72
2026-03-04 18:42:02,957 - RiceDiseaseDetect - INFO - Epoch 1/100 - Train Loss: 0.3667 - Val Loss: 0.2970 - Val mIoU: 0.6983
2026-03-04 18:42:05,058 - RiceDiseaseDetect - INFO - Saved best model with mIoU: 0.6983
2026-03-04 18:42:10,111 - RiceDiseaseDetect - INFO - Epoch 2/100 - Train Loss: 0.2413 - Val Loss: 0.2759 - Val mIoU: 0.7237
2026-03-04 18:42:12,333 - RiceDiseaseDetect - INFO - Saved best model with mIoU: 0.7237
2026-03-04 18:42:17,436 - RiceDiseaseDetect - INFO - Epoch 3/100 - Train Loss: 0.2232 - Val Loss: 0.2481 - Val mIoU: 0.7359
2026-03-04 18:42:19,876 - RiceDiseaseDetect - INFO - Saved best model with mIoU: 0.7359
2026-03-04 18:42:24,973 - RiceDiseaseDetect - INFO - Epoch 4/100 - Train Loss: 0.2089 - Val Loss: 0.2377 - Val mIoU: 0.7471
2026-03-04 18:42:27,372 - RiceDiseaseDetect - INFO - Saved best model with mIoU: 0.7471
2026-03-04 18:42:32,414 - RiceDiseaseDetect - INFO - Epoch 5/100 - Train Loss: 0.2001 - Val Loss: 0.2263 - Val mIoU: 0.7572
2026-03-04 18:42:36,102 - RiceDiseaseDetect - INFO - Saved best model with mIoU: 0.7572
2026-03-04 18:42:41,181 - RiceDiseaseDetect - INFO - Epoch 6/100 - Train Loss: 0.1942 - Val Loss: 0.2245 - Val mIoU: 0.7589
2026-03-04 18:42:43,615 - RiceDiseaseDetect - INFO - Saved best model with mIoU: 0.7589
2026-03-04 18:42:48,780 - RiceDiseaseDetect - INFO - Epoch 7/100 - Train Loss: 0.1886 - Val Loss: 0.2298 - Val mIoU: 0.7526
2026-03-04 18:42:53,899 - RiceDiseaseDetect - INFO - Epoch 8/100 - Train Loss: 0.1915 - Val Loss: 0.2455 - Val mIoU: 0.7361
2026-03-04 18:42:58,905 - RiceDiseaseDetect - INFO - Epoch 9/100 - Train Loss: 0.1890 - Val Loss: 0.2420 - Val mIoU: 0.7405
2026-03-04 18:43:03,981 - RiceDiseaseDetect - INFO - Epoch 10/100 - Train Loss: 0.1711 - Val Loss: 0.2181 - Val mIoU: 0.7652
2026-03-04 18:43:05,962 - RiceDiseaseDetect - INFO - Saved best model with mIoU: 0.7652
2026-03-04 18:43:10,984 - RiceDiseaseDetect - INFO - Epoch 11/100 - Train Loss: 0.1712 - Val Loss: 0.2129 - Val mIoU: 0.7679
2026-03-04 18:43:12,821 - RiceDiseaseDetect - INFO - Saved best model with mIoU: 0.7679
2026-03-04 18:43:17,914 - RiceDiseaseDetect - INFO - Epoch 12/100 - Train Loss: 0.1698 - Val Loss: 0.2144 - Val mIoU: 0.7722
2026-03-04 18:43:19,849 - RiceDiseaseDetect - INFO - Saved best model with mIoU: 0.7722
2026-03-04 18:43:25,061 - RiceDiseaseDetect - INFO - Epoch 13/100 - Train Loss: 0.1617 - Val Loss: 0.2097 - Val mIoU: 0.7745
2026-03-04 18:43:27,010 - RiceDiseaseDetect - INFO - Saved best model with mIoU: 0.7745
2026-03-04 18:43:32,032 - RiceDiseaseDetect - INFO - Epoch 14/100 - Train Loss: 0.1626 - Val Loss: 0.2055 - Val mIoU: 0.7785
2026-03-04 18:43:34,077 - RiceDiseaseDetect - INFO - Saved best model with mIoU: 0.7785
2026-03-04 18:43:38,997 - RiceDiseaseDetect - INFO - Epoch 15/100 - Train Loss: 0.1600 - Val Loss: 0.2088 - Val mIoU: 0.7745
2026-03-04 18:43:44,091 - RiceDiseaseDetect - INFO - Epoch 16/100 - Train Loss: 0.1557 - Val Loss: 0.2140 - Val mIoU: 0.7694
2026-03-04 18:43:49,181 - RiceDiseaseDetect - INFO - Epoch 17/100 - Train Loss: 0.1559 - Val Loss: 0.2065 - Val mIoU: 0.7794
2026-03-04 18:43:50,966 - RiceDiseaseDetect - INFO - Saved best model with mIoU: 0.7794
2026-03-04 18:43:56,066 - RiceDiseaseDetect - INFO - Epoch 18/100 - Train Loss: 0.1464 - Val Loss: 0.2054 - Val mIoU: 0.7789
2026-03-04 18:44:01,114 - RiceDiseaseDetect - INFO - Epoch 19/100 - Train Loss: 0.1447 - Val Loss: 0.2088 - Val mIoU: 0.7777
2026-03-04 18:44:06,198 - RiceDiseaseDetect - INFO - Epoch 20/100 - Train Loss: 0.1471 - Val Loss: 0.2184 - Val mIoU: 0.7609
2026-03-04 18:44:11,243 - RiceDiseaseDetect - INFO - Epoch 21/100 - Train Loss: 0.1419 - Val Loss: 0.2110 - Val mIoU: 0.7742
2026-03-04 18:44:16,356 - RiceDiseaseDetect - INFO - Epoch 22/100 - Train Loss: 0.1463 - Val Loss: 0.2097 - Val mIoU: 0.7726
2026-03-04 18:44:21,382 - RiceDiseaseDetect - INFO - Epoch 23/100 - Train Loss: 0.1399 - Val Loss: 0.2077 - Val mIoU: 0.7809
2026-03-04 18:44:23,874 - RiceDiseaseDetect - INFO - Saved best model with mIoU: 0.7809
2026-03-04 18:44:28,946 - RiceDiseaseDetect - INFO - Epoch 24/100 - Train Loss: 0.1387 - Val Loss: 0.2090 - Val mIoU: 0.7807
2026-03-04 18:44:33,906 - RiceDiseaseDetect - INFO - Epoch 25/100 - Train Loss: 0.1400 - Val Loss: 0.2033 - Val mIoU: 0.7843
2026-03-04 18:44:35,878 - RiceDiseaseDetect - INFO - Saved best model with mIoU: 0.7843
2026-03-04 18:44:41,092 - RiceDiseaseDetect - INFO - Epoch 26/100 - Train Loss: 0.1308 - Val Loss: 0.2101 - Val mIoU: 0.7781
2026-03-04 18:44:46,288 - RiceDiseaseDetect - INFO - Epoch 27/100 - Train Loss: 0.1324 - Val Loss: 0.2083 - Val mIoU: 0.7772
2026-03-04 18:44:51,703 - RiceDiseaseDetect - INFO - Epoch 28/100 - Train Loss: 0.1290 - Val Loss: 0.2064 - Val mIoU: 0.7800
2026-03-04 18:44:57,053 - RiceDiseaseDetect - INFO - Epoch 29/100 - Train Loss: 0.1308 - Val Loss: 0.2062 - Val mIoU: 0.7879
2026-03-04 18:44:59,785 - RiceDiseaseDetect - INFO - Saved best model with mIoU: 0.7879
2026-03-04 18:45:04,993 - RiceDiseaseDetect - INFO - Epoch 30/100 - Train Loss: 0.1239 - Val Loss: 0.2028 - Val mIoU: 0.7854
2026-03-04 18:45:10,310 - RiceDiseaseDetect - INFO - Epoch 31/100 - Train Loss: 0.1220 - Val Loss: 0.2058 - Val mIoU: 0.7831
2026-03-04 18:45:15,493 - RiceDiseaseDetect - INFO - Epoch 32/100 - Train Loss: 0.1256 - Val Loss: 0.2004 - Val mIoU: 0.7871
2026-03-04 18:45:20,650 - RiceDiseaseDetect - INFO - Epoch 33/100 - Train Loss: 0.1177 - Val Loss: 0.2052 - Val mIoU: 0.7847
2026-03-04 18:45:25,761 - RiceDiseaseDetect - INFO - Epoch 34/100 - Train Loss: 0.1188 - Val Loss: 0.2051 - Val mIoU: 0.7854
2026-03-04 18:45:31,202 - RiceDiseaseDetect - INFO - Epoch 35/100 - Train Loss: 0.1186 - Val Loss: 0.2079 - Val mIoU: 0.7799
2026-03-04 18:45:36,422 - RiceDiseaseDetect - INFO - Epoch 36/100 - Train Loss: 0.1211 - Val Loss: 0.2112 - Val mIoU: 0.7794
2026-03-04 18:45:41,496 - RiceDiseaseDetect - INFO - Epoch 37/100 - Train Loss: 0.1153 - Val Loss: 0.2041 - Val mIoU: 0.7862
2026-03-04 18:45:46,695 - RiceDiseaseDetect - INFO - Epoch 38/100 - Train Loss: 0.1115 - Val Loss: 0.2026 - Val mIoU: 0.7891
2026-03-04 18:45:48,866 - RiceDiseaseDetect - INFO - Saved best model with mIoU: 0.7891
2026-03-04 18:45:54,039 - RiceDiseaseDetect - INFO - Epoch 39/100 - Train Loss: 0.1133 - Val Loss: 0.2066 - Val mIoU: 0.7827
2026-03-04 18:45:59,002 - RiceDiseaseDetect - INFO - Epoch 40/100 - Train Loss: 0.1135 - Val Loss: 0.2057 - Val mIoU: 0.7847
2026-03-04 18:46:04,003 - RiceDiseaseDetect - INFO - Epoch 41/100 - Train Loss: 0.1071 - Val Loss: 0.2048 - Val mIoU: 0.7853
2026-03-04 18:46:09,214 - RiceDiseaseDetect - INFO - Epoch 42/100 - Train Loss: 0.1083 - Val Loss: 0.2094 - Val mIoU: 0.7823
2026-03-04 18:46:14,310 - RiceDiseaseDetect - INFO - Epoch 43/100 - Train Loss: 0.1091 - Val Loss: 0.2031 - Val mIoU: 0.7874
2026-03-04 18:46:19,441 - RiceDiseaseDetect - INFO - Epoch 44/100 - Train Loss: 0.1063 - Val Loss: 0.2057 - Val mIoU: 0.7841
2026-03-04 18:46:24,580 - RiceDiseaseDetect - INFO - Epoch 45/100 - Train Loss: 0.1088 - Val Loss: 0.2040 - Val mIoU: 0.7895
2026-03-04 18:46:27,357 - RiceDiseaseDetect - INFO - Saved best model with mIoU: 0.7895
2026-03-04 18:46:32,403 - RiceDiseaseDetect - INFO - Epoch 46/100 - Train Loss: 0.1071 - Val Loss: 0.2068 - Val mIoU: 0.7854
2026-03-04 18:46:37,506 - RiceDiseaseDetect - INFO - Epoch 47/100 - Train Loss: 0.1041 - Val Loss: 0.2087 - Val mIoU: 0.7847
2026-03-04 18:46:42,472 - RiceDiseaseDetect - INFO - Epoch 48/100 - Train Loss: 0.1040 - Val Loss: 0.2041 - Val mIoU: 0.7903
2026-03-04 18:46:44,199 - RiceDiseaseDetect - INFO - Saved best model with mIoU: 0.7903
2026-03-04 18:46:49,520 - RiceDiseaseDetect - INFO - Epoch 49/100 - Train Loss: 0.1018 - Val Loss: 0.2101 - Val mIoU: 0.7845
2026-03-04 18:46:54,550 - RiceDiseaseDetect - INFO - Epoch 50/100 - Train Loss: 0.1018 - Val Loss: 0.2090 - Val mIoU: 0.7837
2026-03-04 18:46:59,716 - RiceDiseaseDetect - INFO - Epoch 51/100 - Train Loss: 0.0991 - Val Loss: 0.2075 - Val mIoU: 0.7860
2026-03-04 18:47:04,920 - RiceDiseaseDetect - INFO - Epoch 52/100 - Train Loss: 0.0988 - Val Loss: 0.2094 - Val mIoU: 0.7854
2026-03-04 18:47:09,903 - RiceDiseaseDetect - INFO - Epoch 53/100 - Train Loss: 0.1012 - Val Loss: 0.2076 - Val mIoU: 0.7870
2026-03-04 18:47:15,073 - RiceDiseaseDetect - INFO - Epoch 54/100 - Train Loss: 0.0988 - Val Loss: 0.2083 - Val mIoU: 0.7864
2026-03-04 18:47:20,317 - RiceDiseaseDetect - INFO - Epoch 55/100 - Train Loss: 0.0971 - Val Loss: 0.2043 - Val mIoU: 0.7889
2026-03-04 18:47:25,497 - RiceDiseaseDetect - INFO - Epoch 56/100 - Train Loss: 0.0975 - Val Loss: 0.2026 - Val mIoU: 0.7899
2026-03-04 18:47:30,497 - RiceDiseaseDetect - INFO - Epoch 57/100 - Train Loss: 0.0938 - Val Loss: 0.2029 - Val mIoU: 0.7901
2026-03-04 18:47:35,634 - RiceDiseaseDetect - INFO - Epoch 58/100 - Train Loss: 0.0931 - Val Loss: 0.2054 - Val mIoU: 0.7902
2026-03-04 18:47:40,877 - RiceDiseaseDetect - INFO - Epoch 59/100 - Train Loss: 0.0954 - Val Loss: 0.2076 - Val mIoU: 0.7884
2026-03-04 18:47:45,985 - RiceDiseaseDetect - INFO - Epoch 60/100 - Train Loss: 0.0946 - Val Loss: 0.2026 - Val mIoU: 0.7908
2026-03-04 18:47:47,997 - RiceDiseaseDetect - INFO - Saved best model with mIoU: 0.7908
2026-03-04 18:47:53,186 - RiceDiseaseDetect - INFO - Epoch 61/100 - Train Loss: 0.0945 - Val Loss: 0.2053 - Val mIoU: 0.7897
2026-03-04 18:47:58,189 - RiceDiseaseDetect - INFO - Epoch 62/100 - Train Loss: 0.0924 - Val Loss: 0.2099 - Val mIoU: 0.7875
2026-03-04 18:48:03,195 - RiceDiseaseDetect - INFO - Epoch 63/100 - Train Loss: 0.0928 - Val Loss: 0.2101 - Val mIoU: 0.7866
2026-03-04 18:48:08,405 - RiceDiseaseDetect - INFO - Epoch 64/100 - Train Loss: 0.0905 - Val Loss: 0.2052 - Val mIoU: 0.7908
2026-03-04 18:48:10,178 - RiceDiseaseDetect - INFO - Saved best model with mIoU: 0.7908
2026-03-04 18:48:15,204 - RiceDiseaseDetect - INFO - Epoch 65/100 - Train Loss: 0.0916 - Val Loss: 0.2052 - Val mIoU: 0.7908
2026-03-04 18:48:20,398 - RiceDiseaseDetect - INFO - Epoch 66/100 - Train Loss: 0.0924 - Val Loss: 0.2105 - Val mIoU: 0.7867
2026-03-04 18:48:25,676 - RiceDiseaseDetect - INFO - Epoch 67/100 - Train Loss: 0.0869 - Val Loss: 0.2062 - Val mIoU: 0.7894
2026-03-04 18:48:30,746 - RiceDiseaseDetect - INFO - Epoch 68/100 - Train Loss: 0.0890 - Val Loss: 0.2090 - Val mIoU: 0.7881
2026-03-04 18:48:35,851 - RiceDiseaseDetect - INFO - Epoch 69/100 - Train Loss: 0.0887 - Val Loss: 0.2097 - Val mIoU: 0.7885
2026-03-04 18:48:41,092 - RiceDiseaseDetect - INFO - Epoch 70/100 - Train Loss: 0.0912 - Val Loss: 0.2111 - Val mIoU: 0.7863
2026-03-04 18:48:46,176 - RiceDiseaseDetect - INFO - Epoch 71/100 - Train Loss: 0.0887 - Val Loss: 0.2086 - Val mIoU: 0.7886
2026-03-04 18:48:51,227 - RiceDiseaseDetect - INFO - Epoch 72/100 - Train Loss: 0.0892 - Val Loss: 0.2076 - Val mIoU: 0.7904
2026-03-04 18:48:56,215 - RiceDiseaseDetect - INFO - Epoch 73/100 - Train Loss: 0.0862 - Val Loss: 0.2097 - Val mIoU: 0.7889
2026-03-04 18:49:01,393 - RiceDiseaseDetect - INFO - Epoch 74/100 - Train Loss: 0.0891 - Val Loss: 0.2081 - Val mIoU: 0.7892
2026-03-04 18:49:06,436 - RiceDiseaseDetect - INFO - Epoch 75/100 - Train Loss: 0.0868 - Val Loss: 0.2088 - Val mIoU: 0.7891
2026-03-04 18:49:11,613 - RiceDiseaseDetect - INFO - Epoch 76/100 - Train Loss: 0.0867 - Val Loss: 0.2076 - Val mIoU: 0.7897
2026-03-04 18:49:16,679 - RiceDiseaseDetect - INFO - Epoch 77/100 - Train Loss: 0.0866 - Val Loss: 0.2086 - Val mIoU: 0.7894
2026-03-04 18:49:21,973 - RiceDiseaseDetect - INFO - Epoch 78/100 - Train Loss: 0.0882 - Val Loss: 0.2068 - Val mIoU: 0.7912
2026-03-04 18:49:23,847 - RiceDiseaseDetect - INFO - Saved best model with mIoU: 0.7912
2026-03-04 18:49:28,980 - RiceDiseaseDetect - INFO - Epoch 79/100 - Train Loss: 0.0863 - Val Loss: 0.2080 - Val mIoU: 0.7897
2026-03-04 18:49:34,006 - RiceDiseaseDetect - INFO - Epoch 80/100 - Train Loss: 0.0873 - Val Loss: 0.2076 - Val mIoU: 0.7909
2026-03-04 18:49:39,349 - RiceDiseaseDetect - INFO - Epoch 81/100 - Train Loss: 0.0839 - Val Loss: 0.2079 - Val mIoU: 0.7900
2026-03-04 18:49:44,717 - RiceDiseaseDetect - INFO - Epoch 82/100 - Train Loss: 0.0843 - Val Loss: 0.2078 - Val mIoU: 0.7895
2026-03-04 18:49:50,284 - RiceDiseaseDetect - INFO - Epoch 83/100 - Train Loss: 0.0852 - Val Loss: 0.2069 - Val mIoU: 0.7910
2026-03-04 18:49:55,609 - RiceDiseaseDetect - INFO - Epoch 84/100 - Train Loss: 0.0851 - Val Loss: 0.2095 - Val mIoU: 0.7899
2026-03-04 18:50:01,068 - RiceDiseaseDetect - INFO - Epoch 85/100 - Train Loss: 0.0896 - Val Loss: 0.2074 - Val mIoU: 0.7913
2026-03-04 18:50:03,073 - RiceDiseaseDetect - INFO - Saved best model with mIoU: 0.7913
2026-03-04 18:50:08,282 - RiceDiseaseDetect - INFO - Epoch 86/100 - Train Loss: 0.0838 - Val Loss: 0.2071 - Val mIoU: 0.7916
2026-03-04 18:50:10,282 - RiceDiseaseDetect - INFO - Saved best model with mIoU: 0.7916
2026-03-04 18:50:15,356 - RiceDiseaseDetect - INFO - Epoch 87/100 - Train Loss: 0.0833 - Val Loss: 0.2071 - Val mIoU: 0.7914
2026-03-04 18:50:20,534 - RiceDiseaseDetect - INFO - Epoch 88/100 - Train Loss: 0.0833 - Val Loss: 0.2080 - Val mIoU: 0.7909
2026-03-04 18:50:25,613 - RiceDiseaseDetect - INFO - Epoch 89/100 - Train Loss: 0.0830 - Val Loss: 0.2071 - Val mIoU: 0.7913
2026-03-04 18:50:30,662 - RiceDiseaseDetect - INFO - Epoch 90/100 - Train Loss: 0.0799 - Val Loss: 0.2065 - Val mIoU: 0.7921
2026-03-04 18:50:32,401 - RiceDiseaseDetect - INFO - Saved best model with mIoU: 0.7921
2026-03-04 18:50:37,377 - RiceDiseaseDetect - INFO - Epoch 91/100 - Train Loss: 0.0842 - Val Loss: 0.2065 - Val mIoU: 0.7920
2026-03-04 18:50:42,480 - RiceDiseaseDetect - INFO - Epoch 92/100 - Train Loss: 0.0817 - Val Loss: 0.2069 - Val mIoU: 0.7920
2026-03-04 18:50:47,710 - RiceDiseaseDetect - INFO - Epoch 93/100 - Train Loss: 0.0847 - Val Loss: 0.2076 - Val mIoU: 0.7919
2026-03-04 18:50:52,755 - RiceDiseaseDetect - INFO - Epoch 94/100 - Train Loss: 0.0831 - Val Loss: 0.2071 - Val mIoU: 0.7918
2026-03-04 18:50:57,851 - RiceDiseaseDetect - INFO - Epoch 95/100 - Train Loss: 0.0834 - Val Loss: 0.2074 - Val mIoU: 0.7920
2026-03-04 18:51:02,869 - RiceDiseaseDetect - INFO - Epoch 96/100 - Train Loss: 0.0854 - Val Loss: 0.2081 - Val mIoU: 0.7910
2026-03-04 18:51:07,867 - RiceDiseaseDetect - INFO - Epoch 97/100 - Train Loss: 0.0832 - Val Loss: 0.2070 - Val mIoU: 0.7920
2026-03-04 18:51:13,149 - RiceDiseaseDetect - INFO - Epoch 98/100 - Train Loss: 0.0837 - Val Loss: 0.2071 - Val mIoU: 0.7920
2026-03-04 18:51:18,252 - RiceDiseaseDetect - INFO - Epoch 99/100 - Train Loss: 0.0819 - Val Loss: 0.2075 - Val mIoU: 0.7912
2026-03-04 18:51:23,315 - RiceDiseaseDetect - INFO - Epoch 100/100 - Train Loss: 0.0826 - Val Loss: 0.2071 - Val mIoU: 0.7915
2026-03-05 16:53:01,063 - RiceDiseaseDetect - INFO - Using device: cuda
2026-03-05 16:53:01,064 - RiceDiseaseDetect - INFO - Config: {'random_seed': 42, 'task_type': 'instance', 'model': {'backbone': 'efficientnet_b3', 'num_classes': 2, 'pretrained': True, 'output_stride': 16, 'use_cbam': True, 'maskrcnn': {'backbone': 'resnet50_fpn_v2', 'trainable_backbone_layers': 3, 'min_size': 512, 'max_size': 800, 'pretrained': True}}, 'loss': {'use_ohem': False, 'use_focal': True, 'focal_alpha': 0.25, 'focal_gamma': 2.0, 'label_smoothing': 0.1, 'ignore_index': 255, 'ohem_thresh': 0.7, 'ohem_min_kept': 100000}, 'train': {'batch_size': 16, 'epochs': 100, 'lr': 0.001, 'weight_decay': 0.0001, 'img_size': 512}, 'data': {'root_dir': '/root/autodl-fs/rice_disease_detect/data', 'train_list': 'train.txt', 'val_list': 'val.txt', 'val_split': 0.2}}
2026-03-05 16:53:01,064 - RiceDiseaseDetect - INFO - Task Type: instance
2026-03-05 16:53:01,102 - RiceDiseaseDetect - INFO - Train samples: 285, Val samples: 72
2026-03-05 17:17:54,314 - RiceDiseaseDetect - INFO - Using device: cuda
2026-03-05 17:17:54,314 - RiceDiseaseDetect - INFO - Config: {'random_seed': 42, 'task_type': 'instance', 'model': {'backbone': 'efficientnet_b3', 'num_classes': 2, 'pretrained': True, 'output_stride': 16, 'use_cbam': True, 'maskrcnn': {'backbone': 'resnet50_fpn_v2', 'trainable_backbone_layers': 3, 'min_size': 512, 'max_size': 800, 'pretrained': True}}, 'loss': {'use_ohem': False, 'use_focal': True, 'focal_alpha': 0.25, 'focal_gamma': 2.0, 'label_smoothing': 0.1, 'ignore_index': 255, 'ohem_thresh': 0.7, 'ohem_min_kept': 100000}, 'train': {'batch_size': 16, 'epochs': 100, 'lr': 0.001, 'weight_decay': 0.0001, 'img_size': 512}, 'data': {'root_dir': '/root/autodl-fs/rice_disease_detect/data', 'train_list': 'train.txt', 'val_list': 'val.txt', 'val_split': 0.2}}
2026-03-05 17:17:54,314 - RiceDiseaseDetect - INFO - Task Type: instance
2026-03-05 17:17:54,330 - RiceDiseaseDetect - INFO - Train samples: 285, Val samples: 72
2026-03-05 17:18:22,397 - RiceDiseaseDetect - INFO - Epoch 1/100 - Train Loss: 3.7092 - Val mAP: 0.0094
2026-03-05 17:18:27,613 - RiceDiseaseDetect - INFO - Saved best model with score: 0.0094
2026-03-05 17:18:53,402 - RiceDiseaseDetect - INFO - Epoch 2/100 - Train Loss: 2.5962 - Val mAP: 0.0788
2026-03-05 17:18:58,376 - RiceDiseaseDetect - INFO - Saved best model with score: 0.0788
2026-03-05 17:19:23,692 - RiceDiseaseDetect - INFO - Epoch 3/100 - Train Loss: 2.3617 - Val mAP: 0.1272
2026-03-05 17:19:28,731 - RiceDiseaseDetect - INFO - Saved best model with score: 0.1272
2026-03-05 17:19:53,873 - RiceDiseaseDetect - INFO - Epoch 4/100 - Train Loss: 2.2362 - Val mAP: 0.1486
2026-03-05 17:19:59,117 - RiceDiseaseDetect - INFO - Saved best model with score: 0.1486
2026-03-05 17:20:23,764 - RiceDiseaseDetect - INFO - Epoch 5/100 - Train Loss: 2.1322 - Val mAP: 0.1674
2026-03-05 17:20:28,671 - RiceDiseaseDetect - INFO - Saved best model with score: 0.1674
2026-03-05 17:20:54,119 - RiceDiseaseDetect - INFO - Epoch 6/100 - Train Loss: 2.0854 - Val mAP: 0.2158
2026-03-05 17:20:58,778 - RiceDiseaseDetect - INFO - Saved best model with score: 0.2158
2026-03-05 17:21:23,252 - RiceDiseaseDetect - INFO - Epoch 7/100 - Train Loss: 2.0383 - Val mAP: 0.2234
2026-03-05 17:21:28,039 - RiceDiseaseDetect - INFO - Saved best model with score: 0.2234
2026-03-05 17:21:52,430 - RiceDiseaseDetect - INFO - Epoch 8/100 - Train Loss: 2.0121 - Val mAP: 0.2209
2026-03-05 17:22:17,519 - RiceDiseaseDetect - INFO - Epoch 9/100 - Train Loss: 1.9917 - Val mAP: 0.1941
2026-03-05 17:22:42,258 - RiceDiseaseDetect - INFO - Epoch 10/100 - Train Loss: 1.9838 - Val mAP: 0.2166
2026-03-05 17:23:06,957 - RiceDiseaseDetect - INFO - Epoch 11/100 - Train Loss: 2.0066 - Val mAP: 0.2117
2026-03-05 17:23:31,368 - RiceDiseaseDetect - INFO - Epoch 12/100 - Train Loss: 1.9808 - Val mAP: 0.2299
2026-03-05 17:23:36,141 - RiceDiseaseDetect - INFO - Saved best model with score: 0.2299
2026-03-05 17:24:00,199 - RiceDiseaseDetect - INFO - Epoch 13/100 - Train Loss: 1.9086 - Val mAP: 0.2702
2026-03-05 17:24:04,943 - RiceDiseaseDetect - INFO - Saved best model with score: 0.2702
2026-03-05 17:24:28,814 - RiceDiseaseDetect - INFO - Epoch 14/100 - Train Loss: 1.8668 - Val mAP: 0.2730
2026-03-05 17:24:33,717 - RiceDiseaseDetect - INFO - Saved best model with score: 0.2730
2026-03-05 17:24:58,642 - RiceDiseaseDetect - INFO - Epoch 15/100 - Train Loss: 1.8793 - Val mAP: 0.2637
2026-03-05 17:25:22,014 - RiceDiseaseDetect - INFO - Epoch 16/100 - Train Loss: 1.8650 - Val mAP: 0.2796
2026-03-05 17:25:27,459 - RiceDiseaseDetect - INFO - Saved best model with score: 0.2796
2026-03-05 17:25:51,720 - RiceDiseaseDetect - INFO - Epoch 17/100 - Train Loss: 1.8548 - Val mAP: 0.2691
2026-03-05 17:26:14,956 - RiceDiseaseDetect - INFO - Epoch 18/100 - Train Loss: 1.8481 - Val mAP: 0.2593
2026-03-05 17:26:38,114 - RiceDiseaseDetect - INFO - Epoch 19/100 - Train Loss: 1.8199 - Val mAP: 0.2622
2026-03-05 17:27:01,906 - RiceDiseaseDetect - INFO - Epoch 20/100 - Train Loss: 1.8028 - Val mAP: 0.2695
2026-03-05 17:27:25,621 - RiceDiseaseDetect - INFO - Epoch 21/100 - Train Loss: 1.8044 - Val mAP: 0.2702
2026-03-05 17:27:48,462 - RiceDiseaseDetect - INFO - Epoch 22/100 - Train Loss: 1.8248 - Val mAP: 0.2618
2026-03-05 17:28:10,895 - RiceDiseaseDetect - INFO - Epoch 23/100 - Train Loss: 1.7945 - Val mAP: 0.2485
2026-03-05 17:28:34,248 - RiceDiseaseDetect - INFO - Epoch 24/100 - Train Loss: 1.7824 - Val mAP: 0.2781
2026-03-05 17:28:56,995 - RiceDiseaseDetect - INFO - Epoch 25/100 - Train Loss: 1.7489 - Val mAP: 0.2797
2026-03-05 17:29:02,528 - RiceDiseaseDetect - INFO - Saved best model with score: 0.2797
2026-03-05 17:29:26,334 - RiceDiseaseDetect - INFO - Epoch 26/100 - Train Loss: 1.7976 - Val mAP: 0.2942
2026-03-05 17:29:31,685 - RiceDiseaseDetect - INFO - Saved best model with score: 0.2942
2026-03-05 17:29:55,304 - RiceDiseaseDetect - INFO - Epoch 27/100 - Train Loss: 1.7244 - Val mAP: 0.2586
2026-03-05 17:30:18,973 - RiceDiseaseDetect - INFO - Epoch 28/100 - Train Loss: 1.7582 - Val mAP: 0.2673
2026-03-05 17:30:41,200 - RiceDiseaseDetect - INFO - Epoch 29/100 - Train Loss: 1.7295 - Val mAP: 0.2766
2026-03-05 17:31:03,831 - RiceDiseaseDetect - INFO - Epoch 30/100 - Train Loss: 1.7139 - Val mAP: 0.2989
2026-03-05 17:31:09,705 - RiceDiseaseDetect - INFO - Saved best model with score: 0.2989
2026-03-05 17:31:33,700 - RiceDiseaseDetect - INFO - Epoch 31/100 - Train Loss: 1.6996 - Val mAP: 0.2960
2026-03-05 17:31:56,256 - RiceDiseaseDetect - INFO - Epoch 32/100 - Train Loss: 1.6782 - Val mAP: 0.2853
2026-03-05 17:32:19,443 - RiceDiseaseDetect - INFO - Epoch 33/100 - Train Loss: 1.7221 - Val mAP: 0.2996
2026-03-05 17:32:24,399 - RiceDiseaseDetect - INFO - Saved best model with score: 0.2996
2026-03-05 17:32:48,425 - RiceDiseaseDetect - INFO - Epoch 34/100 - Train Loss: 1.7299 - Val mAP: 0.2693
2026-03-05 17:33:11,634 - RiceDiseaseDetect - INFO - Epoch 35/100 - Train Loss: 1.6892 - Val mAP: 0.2634
2026-03-05 17:33:34,317 - RiceDiseaseDetect - INFO - Epoch 36/100 - Train Loss: 1.6806 - Val mAP: 0.2796
2026-03-05 17:33:56,969 - RiceDiseaseDetect - INFO - Epoch 37/100 - Train Loss: 1.6832 - Val mAP: 0.3057
2026-03-05 17:34:02,022 - RiceDiseaseDetect - INFO - Saved best model with score: 0.3057
2026-03-05 17:34:25,143 - RiceDiseaseDetect - INFO - Epoch 38/100 - Train Loss: 1.6600 - Val mAP: 0.3017
2026-03-05 17:34:47,985 - RiceDiseaseDetect - INFO - Epoch 39/100 - Train Loss: 1.6709 - Val mAP: 0.2891
2026-03-05 17:35:11,017 - RiceDiseaseDetect - INFO - Epoch 40/100 - Train Loss: 1.6901 - Val mAP: 0.2828
2026-03-05 17:35:33,181 - RiceDiseaseDetect - INFO - Epoch 41/100 - Train Loss: 1.6132 - Val mAP: 0.2821
2026-03-05 17:35:55,922 - RiceDiseaseDetect - INFO - Epoch 42/100 - Train Loss: 1.6071 - Val mAP: 0.2571
2026-03-05 17:36:18,193 - RiceDiseaseDetect - INFO - Epoch 43/100 - Train Loss: 1.6069 - Val mAP: 0.3180
2026-03-05 17:36:23,406 - RiceDiseaseDetect - INFO - Saved best model with score: 0.3180
2026-03-05 17:36:46,200 - RiceDiseaseDetect - INFO - Epoch 44/100 - Train Loss: 1.6411 - Val mAP: 0.2722
2026-03-05 17:37:08,886 - RiceDiseaseDetect - INFO - Epoch 45/100 - Train Loss: 1.5984 - Val mAP: 0.3060
2026-03-05 17:37:31,423 - RiceDiseaseDetect - INFO - Epoch 46/100 - Train Loss: 1.6100 - Val mAP: 0.3238
2026-03-05 17:37:36,659 - RiceDiseaseDetect - INFO - Saved best model with score: 0.3238
2026-03-05 17:37:58,918 - RiceDiseaseDetect - INFO - Epoch 47/100 - Train Loss: 1.5681 - Val mAP: 0.3210
2026-03-05 17:38:21,231 - RiceDiseaseDetect - INFO - Epoch 48/100 - Train Loss: 1.5596 - Val mAP: 0.2775
2026-03-05 17:38:43,175 - RiceDiseaseDetect - INFO - Epoch 49/100 - Train Loss: 1.5789 - Val mAP: 0.2984
2026-03-05 17:39:06,288 - RiceDiseaseDetect - INFO - Epoch 50/100 - Train Loss: 1.5407 - Val mAP: 0.3104
2026-03-05 17:39:29,270 - RiceDiseaseDetect - INFO - Epoch 51/100 - Train Loss: 1.5421 - Val mAP: 0.3091
2026-03-05 17:39:50,556 - RiceDiseaseDetect - INFO - Epoch 52/100 - Train Loss: 1.5795 - Val mAP: 0.3036
2026-03-05 17:40:12,680 - RiceDiseaseDetect - INFO - Epoch 53/100 - Train Loss: 1.5875 - Val mAP: 0.2600
2026-03-05 17:40:35,510 - RiceDiseaseDetect - INFO - Epoch 54/100 - Train Loss: 1.5476 - Val mAP: 0.3036
2026-03-05 17:40:57,580 - RiceDiseaseDetect - INFO - Epoch 55/100 - Train Loss: 1.5175 - Val mAP: 0.2986
2026-03-05 17:41:19,809 - RiceDiseaseDetect - INFO - Epoch 56/100 - Train Loss: 1.5181 - Val mAP: 0.3050
2026-03-05 17:41:41,299 - RiceDiseaseDetect - INFO - Epoch 57/100 - Train Loss: 1.5090 - Val mAP: 0.3329
2026-03-05 17:41:46,704 - RiceDiseaseDetect - INFO - Saved best model with score: 0.3329
2026-03-05 17:42:08,326 - RiceDiseaseDetect - INFO - Epoch 58/100 - Train Loss: 1.4745 - Val mAP: 0.3222
2026-03-05 17:42:29,919 - RiceDiseaseDetect - INFO - Epoch 59/100 - Train Loss: 1.4992 - Val mAP: 0.3001
2026-03-05 17:42:53,021 - RiceDiseaseDetect - INFO - Epoch 60/100 - Train Loss: 1.4872 - Val mAP: 0.2332
2026-03-05 17:43:16,246 - RiceDiseaseDetect - INFO - Epoch 61/100 - Train Loss: 1.5037 - Val mAP: 0.2727
2026-03-05 17:43:37,356 - RiceDiseaseDetect - INFO - Epoch 62/100 - Train Loss: 1.4632 - Val mAP: 0.3024
2026-03-05 17:43:58,348 - RiceDiseaseDetect - INFO - Epoch 63/100 - Train Loss: 1.4629 - Val mAP: 0.2907
2026-03-05 17:44:20,039 - RiceDiseaseDetect - INFO - Epoch 64/100 - Train Loss: 1.4493 - Val mAP: 0.3136
2026-03-05 17:44:42,055 - RiceDiseaseDetect - INFO - Epoch 65/100 - Train Loss: 1.4506 - Val mAP: 0.3066
2026-03-05 17:45:02,525 - RiceDiseaseDetect - INFO - Epoch 66/100 - Train Loss: 1.4232 - Val mAP: 0.3093
2026-03-05 17:45:23,664 - RiceDiseaseDetect - INFO - Epoch 67/100 - Train Loss: 1.4099 - Val mAP: 0.3014
2026-03-05 17:45:44,725 - RiceDiseaseDetect - INFO - Epoch 68/100 - Train Loss: 1.4072 - Val mAP: 0.3210
2026-03-05 17:46:05,851 - RiceDiseaseDetect - INFO - Epoch 69/100 - Train Loss: 1.4154 - Val mAP: 0.3057
2026-03-05 17:46:26,746 - RiceDiseaseDetect - INFO - Epoch 70/100 - Train Loss: 1.4147 - Val mAP: 0.2899
2026-03-05 17:46:47,458 - RiceDiseaseDetect - INFO - Epoch 71/100 - Train Loss: 1.3895 - Val mAP: 0.2969
2026-03-05 17:47:08,751 - RiceDiseaseDetect - INFO - Epoch 72/100 - Train Loss: 1.4040 - Val mAP: 0.3086
2026-03-05 17:47:29,632 - RiceDiseaseDetect - INFO - Epoch 73/100 - Train Loss: 1.3891 - Val mAP: 0.2716
2026-03-05 17:47:50,965 - RiceDiseaseDetect - INFO - Epoch 74/100 - Train Loss: 1.3713 - Val mAP: 0.3156
2026-03-05 17:48:12,696 - RiceDiseaseDetect - INFO - Epoch 75/100 - Train Loss: 1.3382 - Val mAP: 0.3085
2026-03-05 17:48:33,839 - RiceDiseaseDetect - INFO - Epoch 76/100 - Train Loss: 1.3498 - Val mAP: 0.3073
2026-03-05 17:48:54,652 - RiceDiseaseDetect - INFO - Epoch 77/100 - Train Loss: 1.3422 - Val mAP: 0.3175
2026-03-05 17:49:15,904 - RiceDiseaseDetect - INFO - Epoch 78/100 - Train Loss: 1.3438 - Val mAP: 0.3002
2026-03-05 17:49:37,171 - RiceDiseaseDetect - INFO - Epoch 79/100 - Train Loss: 1.2991 - Val mAP: 0.2934
2026-03-05 17:49:58,243 - RiceDiseaseDetect - INFO - Epoch 80/100 - Train Loss: 1.3113 - Val mAP: 0.3210
2026-03-05 17:50:19,712 - RiceDiseaseDetect - INFO - Epoch 81/100 - Train Loss: 1.3484 - Val mAP: 0.2869
2026-03-05 17:50:40,882 - RiceDiseaseDetect - INFO - Epoch 82/100 - Train Loss: 1.2983 - Val mAP: 0.3064
2026-03-05 17:51:01,676 - RiceDiseaseDetect - INFO - Epoch 83/100 - Train Loss: 1.2781 - Val mAP: 0.3012
2026-03-05 17:51:22,550 - RiceDiseaseDetect - INFO - Epoch 84/100 - Train Loss: 1.3021 - Val mAP: 0.2947
2026-03-05 17:51:43,219 - RiceDiseaseDetect - INFO - Epoch 85/100 - Train Loss: 1.2896 - Val mAP: 0.3098
2026-03-05 17:52:04,166 - RiceDiseaseDetect - INFO - Epoch 86/100 - Train Loss: 1.2945 - Val mAP: 0.2898
2026-03-05 17:52:24,969 - RiceDiseaseDetect - INFO - Epoch 87/100 - Train Loss: 1.2643 - Val mAP: 0.3091
2026-03-05 17:52:45,474 - RiceDiseaseDetect - INFO - Epoch 88/100 - Train Loss: 1.2699 - Val mAP: 0.3015
2026-03-05 17:53:06,158 - RiceDiseaseDetect - INFO - Epoch 89/100 - Train Loss: 1.2685 - Val mAP: 0.2978
2026-03-05 17:53:26,573 - RiceDiseaseDetect - INFO - Epoch 90/100 - Train Loss: 1.2471 - Val mAP: 0.2957
2026-03-05 17:53:47,470 - RiceDiseaseDetect - INFO - Epoch 91/100 - Train Loss: 1.2579 - Val mAP: 0.2938
2026-03-05 17:54:08,052 - RiceDiseaseDetect - INFO - Epoch 92/100 - Train Loss: 1.2326 - Val mAP: 0.3042
